Dev Container changed workspaces/default.code-workspace
Syncing dev container
Dev Container changed wssync.log
Syncing dev container
[main d70011f] dcm sync
 2 files changed, 9 insertions(+)
On branch main
Your branch is ahead of 'origin/main' by 1 commit.
  (use "git push" to publish your local commits)

nothing to commit, working tree clean
Dev Container changed dcsync.log
Syncing dev container
[main 4fb5869] dcm sync
 1 file changed, 9 insertions(+)
Dev Container changed dcsync.log
Syncing dev container
[main 87cfaf0] dcm sync
 1 file changed, 4 insertions(+)
Dev Container changed dcsync.log
Syncing dev container
[main b29d9d7] dcm sync
 1 file changed, 4 insertions(+)
Dev Container changed dcsync.log
Syncing dev container
[main 7002407] dcm sync
 1 file changed, 4 insertions(+)
Dev Container changed dcsync.log
Syncing dev container
[main 2cd5ade] dcm sync
 1 file changed, 4 insertions(+)
Dev Container changed dcsync.log
Syncing dev container
